call<GL/gldl.c,2503>: glIsEnabled( GL_BLEND );
call<GL/gldl.c,2506>: glGetIntegerv( GL_BLEND_SRC, 0x654268 );
call<GL/gldl.c,2507>: glGetIntegerv( GL_BLEND_DST, 0x65426c );
call<GL/gldl.c,2510>: glIsEnabled( GL_CULL_FACE );
call<GL/gldl.c,2513>: glGetIntegerv( GL_CULL_FACE_MODE, 0x654274 );
call<GL/gldl.c,2516>: glIsEnabled( GL_DEPTH_TEST );
call<GL/gldl.c,2520>: glGetTexParameteriv( GL_TEXTURE_2D, GL_TEXTURE_MAG_FILTER, 0x654278 );
call<GL/gldl.c,2521>: glGetTexParameteriv( GL_TEXTURE_2D, GL_TEXTURE_MIN_FILTER, 0x65427c );
call<GL/gldl.c,2522>: glGetTexParameteriv( GL_TEXTURE_2D, GL_TEXTURE_WRAP_S, 0x654280 );
call<GL/gldl.c,2523>: glGetTexParameteriv( GL_TEXTURE_2D, GL_TEXTURE_WRAP_T, 0x654284 );
call<gldltest.c,124>: glClearColor( 1.000000, 0.800000, 0.000000, 1.000000 );
call<gldltest.c,132>: glGenBuffers( 4, 0x7fffb55fbfd0 );
call<gldltest.c,133>: glBindBuffer( GL_ARRAY_BUFFER, 1 );
call<gldltest.c,134>: glBufferData( GL_ARRAY_BUFFER, 16, 0x7fffb55fbfe0, GL_STATIC_DRAW );
call<gldltest.c,135>: glBufferSubData( GL_ARRAY_BUFFER, 8, 8, 0x7fffb55fbfe0 );
call<gldltest.c,136>: glDeleteBuffers( 4, 0x7fffb55fbfd0 );
call<gldltest.c,161>: glEnable( GL_DEPTH_TEST );
call<gldltest.c,162>: glEnable( GL_BLEND );
call<gldltest.c,163>: glEnable( GL_CULL_FACE );
call<gldltest.c,165>: glBlendFunc( GL_ONE_MINUS_SRC_ALPHA, GL_SRC1_COLOR );
call<gldltest.c,166>: glCullFace( GL_FRONT_AND_BACK );
call<gldltest.c,167>: glTexParameteri( GL_TEXTURE_2D, GL_TEXTURE_MAG_FILTER, 9728 );
call<gldltest.c,168>: glTexParameteri( GL_TEXTURE_2D, GL_TEXTURE_MIN_FILTER, 9728 );
call<gldltest.c,169>: glTexParameteri( GL_TEXTURE_2D, GL_TEXTURE_WRAP_S, 33071 );
call<gldltest.c,170>: glTexParameteri( GL_TEXTURE_2D, GL_TEXTURE_WRAP_T, 33069 );
call<gldltest.c,172>: glCreateProgram();
call<gldltest.c,174>: glCreateShader( GL_VERTEX_SHADER );
call<gldltest.c,175>: glShaderSource( 2, 1, 0x7fffb55fbfc8, (nil) );
call<gldltest.c,177>: glAttachShader( 1, 2 );
call<gldltest.c,179>: glUseProgram( 1 );
call<gldltest.c,181>: glUseProgram( 0 );
call<gldltest.c,183>: glDeleteShader( 2 );
call<gldltest.c,184>: glDeleteProgram( 1 );
